2024-04-04 08:32:49 [                   BeforeHandshake] -           DEBUG - [{"api_public":"XX*DBtK1tH!ik6vF_UW*tMKvIdnUPkAa","api_secret":"Q3uAqtpZoIRRwNgTidSP0WkzbsxG^plZ","api_root":"https:\/\/gingerpaymentstest.ccvshop.nl","return_url":"https:\/\/gingerpaymentstest.ccvshop.nl\/onderhoud\/AdminItems\/AppStore\/AppStore.Return.php?Id=12970"}]
2024-04-04 08:32:49 [                        START CALL] -                 - [/Applications/MAMP/htdocs/Components/Classes/PluginGateway.php]
2024-04-04 08:32:49 [                         Handshake] -           INPUT - [{"api_public":"XX*DBtK1tH!ik6vF_UW*tMKvIdnUPkAa","api_secret":"Q3uAqtpZoIRRwNgTidSP0WkzbsxG^plZ","api_root":"https:\/\/gingerpaymentstest.ccvshop.nl","return_url":"https:\/\/gingerpaymentstest.ccvshop.nl\/onderhoud\/AdminItems\/AppStore\/AppStore.Return.php?Id=12970"}]
2024-04-04 08:32:49 [                ProcessCredentials] -           START - []
2024-04-04 08:32:49 [                         Handshake] -           ERROR - [HTTP/1.1 500 Internal Server Error. Calculated hash does not match the hash included in the headers.]
2024-04-04 08:32:49 [                          END CALL] -                 - [/Applications/MAMP/htdocs/Components/Classes/PluginGateway.php]

2024-04-04 10:31:45 [                   BeforeHandshake] -           DEBUG - [{"api_public":"9Ucv7WmH-dVy8CRTkltphNE0EaYCpgjD","api_secret":"0O0gC^f6JaOsw*NQNcSA7k__Tv4k4sup","api_root":"https:\/\/gingerpaymentstest.ccvshop.nl","return_url":"https:\/\/gingerpaymentstest.ccvshop.nl\/onderhoud\/AdminItems\/AppStore\/AppStore.Return.php?Id=12970"}]
2024-04-04 10:31:45 [                        START CALL] -                 - [/Applications/MAMP/htdocs/Components/Classes/PluginGateway.php]
2024-04-04 10:31:45 [                         Handshake] -           INPUT - [{"api_public":"9Ucv7WmH-dVy8CRTkltphNE0EaYCpgjD","api_secret":"0O0gC^f6JaOsw*NQNcSA7k__Tv4k4sup","api_root":"https:\/\/gingerpaymentstest.ccvshop.nl","return_url":"https:\/\/gingerpaymentstest.ccvshop.nl\/onderhoud\/AdminItems\/AppStore\/AppStore.Return.php?Id=12970"}]
2024-04-04 10:31:45 [                ProcessCredentials] -           START - []
2024-04-04 10:31:45 [                         Handshake] -           ERROR - [HTTP/1.1 500 Internal Server Error. Calculated hash does not match the hash included in the headers.]
2024-04-04 10:31:45 [                          END CALL] -                 - [/Applications/MAMP/htdocs/Components/Classes/PluginGateway.php]

2024-04-04 10:34:04 [                   BeforeHandshake] -           DEBUG - [{"api_public":"!q0jdo83^qRBM3XCvwm!3YGNbyB5qyIR","api_secret":"SMQWyeS0bFwrnZrwd0stgbYNBaKjcIp6","api_root":"https:\/\/gingerpaymentstest.ccvshop.nl","return_url":"https:\/\/gingerpaymentstest.ccvshop.nl\/onderhoud\/AdminItems\/AppStore\/AppStore.Return.php?Id=12970"}]
2024-04-04 10:34:04 [                        START CALL] -                 - [/Applications/MAMP/htdocs/Components/Classes/PluginGateway.php]
2024-04-04 10:34:04 [                         Handshake] -           INPUT - [{"api_public":"!q0jdo83^qRBM3XCvwm!3YGNbyB5qyIR","api_secret":"SMQWyeS0bFwrnZrwd0stgbYNBaKjcIp6","api_root":"https:\/\/gingerpaymentstest.ccvshop.nl","return_url":"https:\/\/gingerpaymentstest.ccvshop.nl\/onderhoud\/AdminItems\/AppStore\/AppStore.Return.php?Id=12970"}]
2024-04-04 10:34:04 [                ProcessCredentials] -           START - []
2024-04-04 10:34:04 [                         Handshake] -           ERROR - [HTTP/1.1 500 Internal Server Error. SQLSTATE[42S02]: Base table or view not found: 1146 Table 'ID264285_gpev2ccvshop.store_data' doesn't exist]
2024-04-04 10:34:04 [                          END CALL] -                 - [/Applications/MAMP/htdocs/Components/Classes/PluginGateway.php]

2024-04-04 10:51:35 [                   BeforeHandshake] -           DEBUG - [{"api_public":"-z^D_^tVScca1Zok!77CNi1mrgzqD6Xd","api_secret":"0TBd8Jmr*Ri!Yx!6_Kzk63R87IRyzoql","api_root":"https:\/\/gingerpaymentstest.ccvshop.nl","return_url":"https:\/\/gingerpaymentstest.ccvshop.nl\/onderhoud\/AdminItems\/AppStore\/AppStore.Return.php?Id=12970"}]
2024-04-04 10:51:35 [                        START CALL] -                 - [/Applications/MAMP/htdocs/Components/Classes/PluginGateway.php]
2024-04-04 10:51:35 [                         Handshake] -           INPUT - [{"api_public":"-z^D_^tVScca1Zok!77CNi1mrgzqD6Xd","api_secret":"0TBd8Jmr*Ri!Yx!6_Kzk63R87IRyzoql","api_root":"https:\/\/gingerpaymentstest.ccvshop.nl","return_url":"https:\/\/gingerpaymentstest.ccvshop.nl\/onderhoud\/AdminItems\/AppStore\/AppStore.Return.php?Id=12970"}]
2024-04-04 10:51:35 [                ProcessCredentials] -           START - []
2024-04-04 10:51:37 [                     BeforeInstall] -           DEBUG - []
2024-04-04 10:51:37 [                        START CALL] -                 - [/Applications/MAMP/htdocs/Components/Classes/PluginGateway.php]
2024-04-04 10:51:37 [                     Hash::IsValid] -        VALIDATE - [d54f12e29fbc1b3345064583eecd57cfa135fe84140217decaaab10294fba98afeb2eed5fbe351e9117c4b038453e9a850cc0cf6755e4361067d8d3a3591bcb1]
2024-04-04 10:51:37 [                        Hash::Hash] -            DATA - [https://crazy-lions-swim.loca.lt/install|-z^D_^tVScca1Zok!77CNi1mrgzqD6Xd]
2024-04-04 10:51:37 [                        Hash::Hash] -        GENERATE - [d54f12e29fbc1b3345064583eecd57cfa135fe84140217decaaab10294fba98afeb2eed5fbe351e9117c4b038453e9a850cc0cf6755e4361067d8d3a3591bcb1]
2024-04-04 10:51:37 [                     Hash::IsValid] -           VALID - [OK]
2024-04-04 11:02:45 [                   BeforeHandshake] -           DEBUG - [{"api_public":"o5JH3qu4r-M346Jbv_9CPSl^SjTkaGK!","api_secret":"RdPNZrxqZxiDkyjfgoCy9uoE4mUwYJkd","api_root":"https:\/\/gingerpaymentstest.ccvshop.nl","return_url":"https:\/\/gingerpaymentstest.ccvshop.nl\/onderhoud\/AdminItems\/AppStore\/AppStore.Return.php?Id=12970"}]
2024-04-04 11:02:45 [                        START CALL] -                 - [/Applications/MAMP/htdocs/Components/Classes/PluginGateway.php]
2024-04-04 11:02:45 [                         Handshake] -           INPUT - [{"api_public":"o5JH3qu4r-M346Jbv_9CPSl^SjTkaGK!","api_secret":"RdPNZrxqZxiDkyjfgoCy9uoE4mUwYJkd","api_root":"https:\/\/gingerpaymentstest.ccvshop.nl","return_url":"https:\/\/gingerpaymentstest.ccvshop.nl\/onderhoud\/AdminItems\/AppStore\/AppStore.Return.php?Id=12970"}]
2024-04-04 11:02:45 [                ProcessCredentials] -           START - []
2024-04-04 11:02:46 [                     BeforeInstall] -           DEBUG - []
2024-04-04 11:02:47 [                        START CALL] -                 - [/Applications/MAMP/htdocs/Components/Classes/PluginGateway.php]
2024-04-04 11:02:47 [                     Hash::IsValid] -        VALIDATE - [c00d76b6493dbd36169f5a97a51f939c7c3e8ebb493021286a8bf3f7e4a4e0e39cf9c34009606f023209080b51a303ed3ff3e14dc98fce510fbc2457fa4a2d98]
2024-04-04 11:02:47 [                        Hash::Hash] -            DATA - [https://crazy-lions-swim.loca.lt/install|o5JH3qu4r-M346Jbv_9CPSl^SjTkaGK!]
2024-04-04 11:02:47 [                        Hash::Hash] -        GENERATE - [c00d76b6493dbd36169f5a97a51f939c7c3e8ebb493021286a8bf3f7e4a4e0e39cf9c34009606f023209080b51a303ed3ff3e14dc98fce510fbc2457fa4a2d98]
2024-04-04 11:02:47 [                     Hash::IsValid] -           VALID - [OK]
2024-04-04 11:03:35 [                     BeforeInstall] -           DEBUG - [language=en&api_public=o5JH3qu4r-M346Jbv_9CPSl%5ESjTkaGK%21&install_type=app_psp&ginger_api_key=https%3A%2F%2Fapi.dev.gingerpayments.com&ginger_afterpay_test_api_key=https%3A%2F%2Fapi.dev.gingerpayments.com&ginger_klarna_test_api_key=https%3A%2F%2Fapi.dev.gingerpayments.com&ginger_afterpay_countries=NL%2C+BE&action=install]
2024-04-04 11:08:11 [                   BeforeHandshake] -           DEBUG - [{"api_public":"9Qju-JPJONU4ykvMQ!FLRGsaB2NtLbFs","api_secret":"ZT2UMk8wYfpGmRWQ!U^hMnXc*d*dtpvB","api_root":"https:\/\/gingerpaymentstest.ccvshop.nl","return_url":"https:\/\/gingerpaymentstest.ccvshop.nl\/onderhoud\/AdminItems\/AppStore\/AppStore.Return.php?Id=12970"}]
2024-04-04 11:08:11 [                        START CALL] -                 - [/Applications/MAMP/htdocs/Components/Classes/PluginGateway.php]
2024-04-04 11:08:11 [                         Handshake] -           INPUT - [{"api_public":"9Qju-JPJONU4ykvMQ!FLRGsaB2NtLbFs","api_secret":"ZT2UMk8wYfpGmRWQ!U^hMnXc*d*dtpvB","api_root":"https:\/\/gingerpaymentstest.ccvshop.nl","return_url":"https:\/\/gingerpaymentstest.ccvshop.nl\/onderhoud\/AdminItems\/AppStore\/AppStore.Return.php?Id=12970"}]
2024-04-04 11:08:11 [                ProcessCredentials] -           START - []
2024-04-04 11:08:29 [                   BeforeHandshake] -           DEBUG - [{"api_public":"-GtxAd25hlWWRzowCSj9P1Uzm8-GJR9y","api_secret":"w76d5nmZ08yyJGqb7dvjr5wumwP*116s","api_root":"https:\/\/gingerpaymentstest.ccvshop.nl","return_url":"https:\/\/gingerpaymentstest.ccvshop.nl\/onderhoud\/AdminItems\/AppStore\/AppStore.Return.php?Id=12970"}]
2024-04-04 11:08:29 [                        START CALL] -                 - [/Applications/MAMP/htdocs/Components/Classes/PluginGateway.php]
2024-04-04 11:08:29 [                         Handshake] -           INPUT - [{"api_public":"-GtxAd25hlWWRzowCSj9P1Uzm8-GJR9y","api_secret":"w76d5nmZ08yyJGqb7dvjr5wumwP*116s","api_root":"https:\/\/gingerpaymentstest.ccvshop.nl","return_url":"https:\/\/gingerpaymentstest.ccvshop.nl\/onderhoud\/AdminItems\/AppStore\/AppStore.Return.php?Id=12970"}]
2024-04-04 11:08:29 [                ProcessCredentials] -           START - []
2024-04-04 11:09:57 [                   BeforeHandshake] -           DEBUG - [{"api_public":"dumBuVQ_iXn4gl^f1V_EqIZa2FoF8ltW","api_secret":"lBQ^BrwVnl^qgG0IJTvs*B3R!nYwjIVO","api_root":"https:\/\/gingerpaymentstest.ccvshop.nl","return_url":"https:\/\/gingerpaymentstest.ccvshop.nl\/onderhoud\/AdminItems\/AppStore\/AppStore.Return.php?Id=12970"}]
2024-04-04 11:09:57 [                        START CALL] -                 - [/Applications/MAMP/htdocs/Components/Classes/PluginGateway.php]
2024-04-04 11:09:57 [                         Handshake] -           INPUT - [{"api_public":"dumBuVQ_iXn4gl^f1V_EqIZa2FoF8ltW","api_secret":"lBQ^BrwVnl^qgG0IJTvs*B3R!nYwjIVO","api_root":"https:\/\/gingerpaymentstest.ccvshop.nl","return_url":"https:\/\/gingerpaymentstest.ccvshop.nl\/onderhoud\/AdminItems\/AppStore\/AppStore.Return.php?Id=12970"}]
2024-04-04 11:09:57 [                ProcessCredentials] -           START - []
2024-04-04 11:09:59 [                     BeforeInstall] -           DEBUG - []
2024-04-04 11:09:59 [                        START CALL] -                 - [/Applications/MAMP/htdocs/Components/Classes/PluginGateway.php]
2024-04-04 11:09:59 [                     Hash::IsValid] -        VALIDATE - [ca72172b24a3d67e7fda94fe9513fc8916bc3da2d1c620241f0070598ee840a52ebee2e13d31d2d3bb3f8d6ed89c58697f2ee0299cfb68f1339f7236e32fb15d]
2024-04-04 11:09:59 [                        Hash::Hash] -            DATA - [https://crazy-lions-swim.loca.lt/install|dumBuVQ_iXn4gl^f1V_EqIZa2FoF8ltW]
2024-04-04 11:09:59 [                        Hash::Hash] -        GENERATE - [ca72172b24a3d67e7fda94fe9513fc8916bc3da2d1c620241f0070598ee840a52ebee2e13d31d2d3bb3f8d6ed89c58697f2ee0299cfb68f1339f7236e32fb15d]
2024-04-04 11:09:59 [                     Hash::IsValid] -           VALID - [OK]
2024-04-04 11:11:05 [                   BeforeHandshake] -           DEBUG - [{"api_public":"T!EE0oGymm_hJNiAwgU7SYTgeAf*54M4","api_secret":"PdHD8vx03A-7OxfaEQ-dal6m*5pNTcMP","api_root":"https:\/\/gingerpaymentstest.ccvshop.nl","return_url":"https:\/\/gingerpaymentstest.ccvshop.nl\/onderhoud\/AdminItems\/AppStore\/AppStore.Return.php?Id=12970"}]
2024-04-04 11:11:05 [                        START CALL] -                 - [/Applications/MAMP/htdocs/Components/Classes/PluginGateway.php]
2024-04-04 11:11:05 [                         Handshake] -           INPUT - [{"api_public":"T!EE0oGymm_hJNiAwgU7SYTgeAf*54M4","api_secret":"PdHD8vx03A-7OxfaEQ-dal6m*5pNTcMP","api_root":"https:\/\/gingerpaymentstest.ccvshop.nl","return_url":"https:\/\/gingerpaymentstest.ccvshop.nl\/onderhoud\/AdminItems\/AppStore\/AppStore.Return.php?Id=12970"}]
2024-04-04 11:11:05 [                ProcessCredentials] -           START - []
2024-04-04 11:11:06 [                     BeforeInstall] -           DEBUG - []
2024-04-04 11:11:07 [                        START CALL] -                 - [/Applications/MAMP/htdocs/Components/Classes/PluginGateway.php]
2024-04-04 11:11:07 [                     Hash::IsValid] -        VALIDATE - [7a2baba51326510f29a23644f8952d05e4d942c5937183a228d2fd94d5f47097cc7d39be16a43a6c9c7a163f593320cf8ddc7958aeac9e252654a805d228c7bc]
2024-04-04 11:11:07 [                        Hash::Hash] -            DATA - [https://crazy-lions-swim.loca.lt/install|T!EE0oGymm_hJNiAwgU7SYTgeAf*54M4]
2024-04-04 11:11:07 [                        Hash::Hash] -        GENERATE - [7a2baba51326510f29a23644f8952d05e4d942c5937183a228d2fd94d5f47097cc7d39be16a43a6c9c7a163f593320cf8ddc7958aeac9e252654a805d228c7bc]
2024-04-04 11:11:07 [                     Hash::IsValid] -           VALID - [OK]
2024-04-04 11:11:14 [                     BeforeInstall] -           DEBUG - [language=en&api_public=T%21EE0oGymm_hJNiAwgU7SYTgeAf*54M4&install_type=app_psp&ginger_api_key=e9a320bc591c41668c89e5ba59591c53&ginger_afterpay_test_api_key=&ginger_klarna_test_api_key=&ginger_afterpay_countries=NL%2C+BE&action=install]
2024-04-04 11:11:53 [                   BeforeHandshake] -           DEBUG - [{"api_public":"oJadbeVwMSqtQgq-^smLT^hi_OrIhsI-","api_secret":"V8Pm^ZQZukexi4DoOrBc1zIZ1tHcG9yd","api_root":"https:\/\/gingerpaymentstest.ccvshop.nl","return_url":"https:\/\/gingerpaymentstest.ccvshop.nl\/onderhoud\/AdminItems\/AppStore\/AppStore.Return.php?Id=12970"}]
2024-04-04 11:11:53 [                        START CALL] -                 - [/Applications/MAMP/htdocs/Components/Classes/PluginGateway.php]
2024-04-04 11:11:53 [                         Handshake] -           INPUT - [{"api_public":"oJadbeVwMSqtQgq-^smLT^hi_OrIhsI-","api_secret":"V8Pm^ZQZukexi4DoOrBc1zIZ1tHcG9yd","api_root":"https:\/\/gingerpaymentstest.ccvshop.nl","return_url":"https:\/\/gingerpaymentstest.ccvshop.nl\/onderhoud\/AdminItems\/AppStore\/AppStore.Return.php?Id=12970"}]
2024-04-04 11:11:53 [                ProcessCredentials] -           START - []
2024-04-04 11:14:48 [                   BeforeHandshake] -           DEBUG - [{"api_public":"XfVWnEYBhQiLIgxiFAtOJ4aDn1aE8Wmh","api_secret":"xzE6Yrp53yKxKExya5Vv*RfvjChuQz_f","api_root":"https:\/\/gingerpaymentstest.ccvshop.nl","return_url":"https:\/\/gingerpaymentstest.ccvshop.nl\/onderhoud\/AdminItems\/AppStore\/AppStore.Return.php?Id=12970"}]
2024-04-04 11:14:48 [                        START CALL] -                 - [/Applications/MAMP/htdocs/Components/Classes/PluginGateway.php]
2024-04-04 11:14:48 [                         Handshake] -           INPUT - [{"api_public":"XfVWnEYBhQiLIgxiFAtOJ4aDn1aE8Wmh","api_secret":"xzE6Yrp53yKxKExya5Vv*RfvjChuQz_f","api_root":"https:\/\/gingerpaymentstest.ccvshop.nl","return_url":"https:\/\/gingerpaymentstest.ccvshop.nl\/onderhoud\/AdminItems\/AppStore\/AppStore.Return.php?Id=12970"}]
2024-04-04 11:14:48 [                ProcessCredentials] -           START - []
2024-04-04 11:15:41 [                   BeforeHandshake] -           DEBUG - [{"api_public":"P^FB7CuD6Yi!BpNJ!I7w_xJVOnvl4S5!","api_secret":"UcUCdcMBurGNKIO5frrcfArF-RXfOYtN","api_root":"https:\/\/gingerpaymentstest.ccvshop.nl","return_url":"https:\/\/gingerpaymentstest.ccvshop.nl\/onderhoud\/AdminItems\/AppStore\/AppStore.Return.php?Id=12970"}]
2024-04-04 11:15:41 [                        START CALL] -                 - [/Applications/MAMP/htdocs/Components/Classes/PluginGateway.php]
2024-04-04 11:15:41 [                         Handshake] -           INPUT - [{"api_public":"P^FB7CuD6Yi!BpNJ!I7w_xJVOnvl4S5!","api_secret":"UcUCdcMBurGNKIO5frrcfArF-RXfOYtN","api_root":"https:\/\/gingerpaymentstest.ccvshop.nl","return_url":"https:\/\/gingerpaymentstest.ccvshop.nl\/onderhoud\/AdminItems\/AppStore\/AppStore.Return.php?Id=12970"}]
2024-04-04 11:15:41 [                ProcessCredentials] -           START - []
2024-04-04 11:49:28 [                   BeforeHandshake] -           DEBUG - [{"api_public":"AvoPDM3dIYherm0IYSlkLZ7J8xor6Ast","api_secret":"BobFmGF75l^lFoFW*PhCdqiVNi3RG-IY","api_root":"https:\/\/gingerpaymentstest.ccvshop.nl","return_url":"https:\/\/gingerpaymentstest.ccvshop.nl\/onderhoud\/AdminItems\/AppStore\/AppStore.Return.php?Id=12970"}]
2024-04-04 11:49:28 [                        START CALL] -                 - [/Applications/MAMP/htdocs/Components/Classes/PluginGateway.php]
2024-04-04 11:49:28 [                         Handshake] -           INPUT - [{"api_public":"AvoPDM3dIYherm0IYSlkLZ7J8xor6Ast","api_secret":"BobFmGF75l^lFoFW*PhCdqiVNi3RG-IY","api_root":"https:\/\/gingerpaymentstest.ccvshop.nl","return_url":"https:\/\/gingerpaymentstest.ccvshop.nl\/onderhoud\/AdminItems\/AppStore\/AppStore.Return.php?Id=12970"}]
2024-04-04 11:49:28 [                ProcessCredentials] -           START - []
2024-04-04 11:49:29 [                     BeforeInstall] -           DEBUG - []
2024-04-04 11:49:30 [                        START CALL] -                 - [/Applications/MAMP/htdocs/Components/Classes/PluginGateway.php]
2024-04-04 11:49:30 [                     Hash::IsValid] -        VALIDATE - [e08014e37dffade3a5768aa23e2b2b631dc74e942e6d3ccffb9047bf214a92908e4c52acdfb2f69328c4702e7576d7a0283c66d7437c1db309947dddef57f69f]
2024-04-04 11:49:30 [                        Hash::Hash] -            DATA - [https://crazy-lions-swim.loca.lt/install|AvoPDM3dIYherm0IYSlkLZ7J8xor6Ast]
2024-04-04 11:49:30 [                        Hash::Hash] -        GENERATE - [e08014e37dffade3a5768aa23e2b2b631dc74e942e6d3ccffb9047bf214a92908e4c52acdfb2f69328c4702e7576d7a0283c66d7437c1db309947dddef57f69f]
2024-04-04 11:49:30 [                     Hash::IsValid] -           VALID - [OK]
2024-04-04 11:55:55 [                   BeforeHandshake] -           DEBUG - [{"api_public":"Wdxqtta54-FgOs4W!Vo-Bo8VmF_VGLfj","api_secret":"-4OQ623SgnXcXg_9AbK398In4V3_fG-w","api_root":"https:\/\/gingerpaymentstest.ccvshop.nl","return_url":"https:\/\/gingerpaymentstest.ccvshop.nl\/onderhoud\/AdminItems\/AppStore\/AppStore.Return.php?Id=12970"}]
2024-04-04 11:55:55 [                        START CALL] -                 - [/Applications/MAMP/htdocs/Components/Classes/PluginGateway.php]
2024-04-04 11:55:55 [                         Handshake] -           INPUT - [{"api_public":"Wdxqtta54-FgOs4W!Vo-Bo8VmF_VGLfj","api_secret":"-4OQ623SgnXcXg_9AbK398In4V3_fG-w","api_root":"https:\/\/gingerpaymentstest.ccvshop.nl","return_url":"https:\/\/gingerpaymentstest.ccvshop.nl\/onderhoud\/AdminItems\/AppStore\/AppStore.Return.php?Id=12970"}]
2024-04-04 11:55:55 [                ProcessCredentials] -           START - []
2024-04-04 11:56:51 [                   BeforeHandshake] -           DEBUG - [{"api_public":"lB1uzPAE-Dol4xuf7RIMtRhMxAIse8XT","api_secret":"rSrjBBr^TK^R*!mXFv1FsnI8DT6fXfBA","api_root":"https:\/\/gingerpaymentstest.ccvshop.nl","return_url":"https:\/\/gingerpaymentstest.ccvshop.nl\/onderhoud\/AdminItems\/AppStore\/AppStore.Return.php?Id=12970"}]
2024-04-04 11:56:51 [                        START CALL] -                 - [/Applications/MAMP/htdocs/Components/Classes/PluginGateway.php]
2024-04-04 11:56:51 [                         Handshake] -           INPUT - [{"api_public":"lB1uzPAE-Dol4xuf7RIMtRhMxAIse8XT","api_secret":"rSrjBBr^TK^R*!mXFv1FsnI8DT6fXfBA","api_root":"https:\/\/gingerpaymentstest.ccvshop.nl","return_url":"https:\/\/gingerpaymentstest.ccvshop.nl\/onderhoud\/AdminItems\/AppStore\/AppStore.Return.php?Id=12970"}]
2024-04-04 11:56:51 [                ProcessCredentials] -           START - []
2024-04-04 11:58:00 [                   BeforeHandshake] -           DEBUG - [{"api_public":"1cFuV9lyLnJc-QGH8nzwBmiP3f59cEQY","api_secret":"p1fjDWY6AdF0IED_MuYgik3CKFmaKC39","api_root":"https:\/\/gingerpaymentstest.ccvshop.nl","return_url":"https:\/\/gingerpaymentstest.ccvshop.nl\/onderhoud\/AdminItems\/AppStore\/AppStore.Return.php?Id=12970"}]
2024-04-04 11:58:00 [                        START CALL] -                 - [/Applications/MAMP/htdocs/Components/Classes/PluginGateway.php]
2024-04-04 11:58:00 [                         Handshake] -           INPUT - [{"api_public":"1cFuV9lyLnJc-QGH8nzwBmiP3f59cEQY","api_secret":"p1fjDWY6AdF0IED_MuYgik3CKFmaKC39","api_root":"https:\/\/gingerpaymentstest.ccvshop.nl","return_url":"https:\/\/gingerpaymentstest.ccvshop.nl\/onderhoud\/AdminItems\/AppStore\/AppStore.Return.php?Id=12970"}]
2024-04-04 11:58:00 [                ProcessCredentials] -           START - []
2024-04-04 12:01:46 [                   BeforeHandshake] -           DEBUG - [{"api_public":"DfB1KvbR!DD35UDRJrde9nm5NYcBeJp7","api_secret":"Ay2j2F^BHCLew0!OlP8YstMc6XAKxjLB","api_root":"https:\/\/gingerpaymentstest.ccvshop.nl","return_url":"https:\/\/gingerpaymentstest.ccvshop.nl\/onderhoud\/AdminItems\/AppStore\/AppStore.Return.php?Id=12970"}]
2024-04-04 12:01:46 [                        START CALL] -                 - [/Applications/MAMP/htdocs/Components/Classes/PluginGateway.php]
2024-04-04 12:01:46 [                         Handshake] -           INPUT - [{"api_public":"DfB1KvbR!DD35UDRJrde9nm5NYcBeJp7","api_secret":"Ay2j2F^BHCLew0!OlP8YstMc6XAKxjLB","api_root":"https:\/\/gingerpaymentstest.ccvshop.nl","return_url":"https:\/\/gingerpaymentstest.ccvshop.nl\/onderhoud\/AdminItems\/AppStore\/AppStore.Return.php?Id=12970"}]
2024-04-04 12:01:46 [                ProcessCredentials] -           START - []
2024-04-04 12:01:48 [                     BeforeInstall] -           DEBUG - []
2024-04-04 12:01:48 [                        START CALL] -                 - [/Applications/MAMP/htdocs/Components/Classes/PluginGateway.php]
2024-04-04 12:01:48 [                     Hash::IsValid] -        VALIDATE - [d983dda6cea4996d6a8f4ce2168ed49f938e3610c0304c565f7ef0232eaef93b459385af87bbcd1228cb122e52be5a7a88d0b7dcd08fd7166e9efd7792e2ed21]
2024-04-04 12:01:48 [                        Hash::Hash] -            DATA - [https://fine-emus-bake.loca.lt/install|DfB1KvbR!DD35UDRJrde9nm5NYcBeJp7]
2024-04-04 12:01:48 [                        Hash::Hash] -        GENERATE - [d983dda6cea4996d6a8f4ce2168ed49f938e3610c0304c565f7ef0232eaef93b459385af87bbcd1228cb122e52be5a7a88d0b7dcd08fd7166e9efd7792e2ed21]
2024-04-04 12:01:48 [                     Hash::IsValid] -           VALID - [OK]
2024-04-04 12:03:20 [                   BeforeHandshake] -           DEBUG - [{"api_public":"ix_Ko6MiItbdB1hBvLmbwJ4kQuDRgnCL","api_secret":"VPv!pFHJqzxa4JYYguQN76veyn6AH873","api_root":"https:\/\/gingerpaymentstest.ccvshop.nl","return_url":"https:\/\/gingerpaymentstest.ccvshop.nl\/onderhoud\/AdminItems\/AppStore\/AppStore.Return.php?Id=12970"}]
2024-04-04 12:03:20 [                        START CALL] -                 - [/Applications/MAMP/htdocs/Components/Classes/PluginGateway.php]
2024-04-04 12:03:20 [                         Handshake] -           INPUT - [{"api_public":"ix_Ko6MiItbdB1hBvLmbwJ4kQuDRgnCL","api_secret":"VPv!pFHJqzxa4JYYguQN76veyn6AH873","api_root":"https:\/\/gingerpaymentstest.ccvshop.nl","return_url":"https:\/\/gingerpaymentstest.ccvshop.nl\/onderhoud\/AdminItems\/AppStore\/AppStore.Return.php?Id=12970"}]
2024-04-04 12:03:20 [                ProcessCredentials] -           START - []
2024-04-04 12:06:40 [                   BeforeHandshake] -           DEBUG - [{"api_public":"nUeoCtWUEwGxlRnfX3p55stT_yg^50G1","api_secret":"CPui-DjQjdotjsMDijc*zeq-thOj1Bmq","api_root":"https:\/\/gingerpaymentstest.ccvshop.nl","return_url":"https:\/\/gingerpaymentstest.ccvshop.nl\/onderhoud\/AdminItems\/AppStore\/AppStore.Return.php?Id=12970"}]
2024-04-04 12:06:40 [                        START CALL] -                 - [/Applications/MAMP/htdocs/Components/Classes/PluginGateway.php]
2024-04-04 12:06:40 [                         Handshake] -           INPUT - [{"api_public":"nUeoCtWUEwGxlRnfX3p55stT_yg^50G1","api_secret":"CPui-DjQjdotjsMDijc*zeq-thOj1Bmq","api_root":"https:\/\/gingerpaymentstest.ccvshop.nl","return_url":"https:\/\/gingerpaymentstest.ccvshop.nl\/onderhoud\/AdminItems\/AppStore\/AppStore.Return.php?Id=12970"}]
2024-04-04 12:06:40 [                ProcessCredentials] -           START - []
2024-04-04 12:09:42 [                   BeforeHandshake] -           DEBUG - [{"api_public":"kX**!MPcP^!S-xeXiEe_HxlGrKSwVCi4","api_secret":"I6Z!uUhni*0AxjLWmVO5HOBbNDm0m1zR","api_root":"https:\/\/gingerpaymentstest.ccvshop.nl","return_url":"https:\/\/gingerpaymentstest.ccvshop.nl\/onderhoud\/AdminItems\/AppStore\/AppStore.Return.php?Id=12970"}]
2024-04-04 12:09:42 [                        START CALL] -                 - [/Applications/MAMP/htdocs/Components/Classes/PluginGateway.php]
2024-04-04 12:09:42 [                         Handshake] -           INPUT - [{"api_public":"kX**!MPcP^!S-xeXiEe_HxlGrKSwVCi4","api_secret":"I6Z!uUhni*0AxjLWmVO5HOBbNDm0m1zR","api_root":"https:\/\/gingerpaymentstest.ccvshop.nl","return_url":"https:\/\/gingerpaymentstest.ccvshop.nl\/onderhoud\/AdminItems\/AppStore\/AppStore.Return.php?Id=12970"}]
2024-04-04 12:09:42 [                ProcessCredentials] -           START - []
2024-04-04 12:10:14 [                   BeforeHandshake] -           DEBUG - [{"api_public":"1KvRSpVbZY^KWoSU9GCb2NYfldro7mSv","api_secret":"oKA*Y-62c7-KHeGq!oPed1hq8k_pl72a","api_root":"https:\/\/gingerpaymentstest.ccvshop.nl","return_url":"https:\/\/gingerpaymentstest.ccvshop.nl\/onderhoud\/AdminItems\/AppStore\/AppStore.Return.php?Id=12970"}]
2024-04-04 12:10:14 [                        START CALL] -                 - [/Applications/MAMP/htdocs/Components/Classes/PluginGateway.php]
2024-04-04 12:10:14 [                         Handshake] -           INPUT - [{"api_public":"1KvRSpVbZY^KWoSU9GCb2NYfldro7mSv","api_secret":"oKA*Y-62c7-KHeGq!oPed1hq8k_pl72a","api_root":"https:\/\/gingerpaymentstest.ccvshop.nl","return_url":"https:\/\/gingerpaymentstest.ccvshop.nl\/onderhoud\/AdminItems\/AppStore\/AppStore.Return.php?Id=12970"}]
2024-04-04 12:10:14 [                ProcessCredentials] -           START - []
2024-04-04 12:10:15 [                     BeforeInstall] -           DEBUG - []
2024-04-04 12:10:16 [                        START CALL] -                 - [/Applications/MAMP/htdocs/Components/Classes/PluginGateway.php]
2024-04-04 12:10:16 [                     Hash::IsValid] -        VALIDATE - [7ad2bddfd4b62b0b33a38cff17cc7641bfb202364a08fb683a74f7bf5d67b0aaab4ee8c0e6814bfbbd65946454129202d905e663d52b1aafa18684c5111409b1]
2024-04-04 12:10:16 [                        Hash::Hash] -            DATA - [https://fine-emus-bake.loca.lt/install|1KvRSpVbZY^KWoSU9GCb2NYfldro7mSv]
2024-04-04 12:10:16 [                        Hash::Hash] -        GENERATE - [7ad2bddfd4b62b0b33a38cff17cc7641bfb202364a08fb683a74f7bf5d67b0aaab4ee8c0e6814bfbbd65946454129202d905e663d52b1aafa18684c5111409b1]
2024-04-04 12:10:16 [                     Hash::IsValid] -           VALID - [OK]
2024-04-04 12:12:33 [                   BeforeHandshake] -           DEBUG - [{"api_public":"gL6pW5u^^yb1k6co^m8SBHIAo_Q4ylMP","api_secret":"1khSm^DWHV5r3r7sygip4hL4ko3PrTes","api_root":"https:\/\/gingerpaymentstest.ccvshop.nl","return_url":"https:\/\/gingerpaymentstest.ccvshop.nl\/onderhoud\/AdminItems\/AppStore\/AppStore.Return.php?Id=12970"}]
2024-04-04 12:12:33 [                        START CALL] -                 - [/Applications/MAMP/htdocs/Components/Classes/PluginGateway.php]
2024-04-04 12:12:33 [                         Handshake] -           INPUT - [{"api_public":"gL6pW5u^^yb1k6co^m8SBHIAo_Q4ylMP","api_secret":"1khSm^DWHV5r3r7sygip4hL4ko3PrTes","api_root":"https:\/\/gingerpaymentstest.ccvshop.nl","return_url":"https:\/\/gingerpaymentstest.ccvshop.nl\/onderhoud\/AdminItems\/AppStore\/AppStore.Return.php?Id=12970"}]
2024-04-04 12:12:33 [                ProcessCredentials] -           START - []
2024-04-04 12:12:34 [                     BeforeInstall] -           DEBUG - []
2024-04-04 12:12:35 [                        START CALL] -                 - [/Applications/MAMP/htdocs/Components/Classes/PluginGateway.php]
2024-04-04 12:12:35 [                     Hash::IsValid] -        VALIDATE - [16e5e4192c7c39b64f57c35e835b961ca282ff7461e254ff0d29d3139cec1ba6724b5736a4e4062392f41229c44afe1874eb13c261f55abc950e055d7e9b9f1b]
2024-04-04 12:12:35 [                        Hash::Hash] -            DATA - [https://fine-emus-bake.loca.lt/install|gL6pW5u^^yb1k6co^m8SBHIAo_Q4ylMP]
2024-04-04 12:12:35 [                        Hash::Hash] -        GENERATE - [16e5e4192c7c39b64f57c35e835b961ca282ff7461e254ff0d29d3139cec1ba6724b5736a4e4062392f41229c44afe1874eb13c261f55abc950e055d7e9b9f1b]
2024-04-04 12:12:35 [                     Hash::IsValid] -           VALID - [OK]
2024-04-04 12:13:51 [                   BeforeHandshake] -           DEBUG - [{"api_public":"Ft!E-aeupJlTe33Kpqb^7VXtP0oOkXWC","api_secret":"WKU02w*f9rSWzminVb!155Q4r0MLbS0W","api_root":"https:\/\/gingerpaymentstest.ccvshop.nl","return_url":"https:\/\/gingerpaymentstest.ccvshop.nl\/onderhoud\/AdminItems\/AppStore\/AppStore.Return.php?Id=12970"}]
2024-04-04 12:13:51 [                        START CALL] -                 - [/Applications/MAMP/htdocs/Components/Classes/PluginGateway.php]
2024-04-04 12:13:51 [                         Handshake] -           INPUT - [{"api_public":"Ft!E-aeupJlTe33Kpqb^7VXtP0oOkXWC","api_secret":"WKU02w*f9rSWzminVb!155Q4r0MLbS0W","api_root":"https:\/\/gingerpaymentstest.ccvshop.nl","return_url":"https:\/\/gingerpaymentstest.ccvshop.nl\/onderhoud\/AdminItems\/AppStore\/AppStore.Return.php?Id=12970"}]
2024-04-04 12:13:51 [                ProcessCredentials] -           START - []
2024-04-04 12:13:52 [                     BeforeInstall] -           DEBUG - []
2024-04-04 12:13:52 [                        START CALL] -                 - [/Applications/MAMP/htdocs/Components/Classes/PluginGateway.php]
2024-04-04 12:13:52 [                     Hash::IsValid] -        VALIDATE - [b779da309739ca8099e57bc42b5ecdd093d16cf80f79e30d5e56e070687f78bf6e351c18ec6a473d800325188667a667ce76c5c845022b647bcd097c79f783d3]
2024-04-04 12:13:52 [                        Hash::Hash] -            DATA - [https://fine-emus-bake.loca.lt/install|Ft!E-aeupJlTe33Kpqb^7VXtP0oOkXWC]
2024-04-04 12:13:52 [                        Hash::Hash] -        GENERATE - [b779da309739ca8099e57bc42b5ecdd093d16cf80f79e30d5e56e070687f78bf6e351c18ec6a473d800325188667a667ce76c5c845022b647bcd097c79f783d3]
2024-04-04 12:13:52 [                     Hash::IsValid] -           VALID - [OK]
2024-04-04 12:14:01 [                     BeforeInstall] -           DEBUG - [language=en&api_public=Ft%21E-aeupJlTe33Kpqb%5E7VXtP0oOkXWC&install_type=app_psp&ginger_api_key=e9a320bc591c41668c89e5ba59591c53&ginger_afterpay_test_api_key=&ginger_klarna_test_api_key=&ginger_afterpay_countries=NL%2C+BE&action=install]
2024-04-04 12:14:29 [                   BeforeHandshake] -           DEBUG - [{"api_public":"18LblyDSf*Bf-lk-_N-V^gn49*FwwMea","api_secret":"e4XUiV3NggsDENYzM^Jn6wh9__W1fOKM","api_root":"https:\/\/gingerpaymentstest.ccvshop.nl","return_url":"https:\/\/gingerpaymentstest.ccvshop.nl\/onderhoud\/AdminItems\/AppStore\/AppStore.Return.php?Id=12970"}]
2024-04-04 12:14:29 [                        START CALL] -                 - [/Applications/MAMP/htdocs/Components/Classes/PluginGateway.php]
2024-04-04 12:14:29 [                         Handshake] -           INPUT - [{"api_public":"18LblyDSf*Bf-lk-_N-V^gn49*FwwMea","api_secret":"e4XUiV3NggsDENYzM^Jn6wh9__W1fOKM","api_root":"https:\/\/gingerpaymentstest.ccvshop.nl","return_url":"https:\/\/gingerpaymentstest.ccvshop.nl\/onderhoud\/AdminItems\/AppStore\/AppStore.Return.php?Id=12970"}]
2024-04-04 12:14:29 [                ProcessCredentials] -           START - []
2024-04-04 12:14:49 [                   BeforeHandshake] -           DEBUG - [{"api_public":"AyVsbYU0EG2iCOQ*uuX1ux2J^Y8CjWlO","api_secret":"q^l30xPAn*Mz!6VU!Tk3l9a-fMatmsap","api_root":"https:\/\/gingerpaymentstest.ccvshop.nl","return_url":"https:\/\/gingerpaymentstest.ccvshop.nl\/onderhoud\/AdminItems\/AppStore\/AppStore.Return.php?Id=12970"}]
2024-04-04 12:14:49 [                        START CALL] -                 - [/Applications/MAMP/htdocs/Components/Classes/PluginGateway.php]
2024-04-04 12:14:49 [                         Handshake] -           INPUT - [{"api_public":"AyVsbYU0EG2iCOQ*uuX1ux2J^Y8CjWlO","api_secret":"q^l30xPAn*Mz!6VU!Tk3l9a-fMatmsap","api_root":"https:\/\/gingerpaymentstest.ccvshop.nl","return_url":"https:\/\/gingerpaymentstest.ccvshop.nl\/onderhoud\/AdminItems\/AppStore\/AppStore.Return.php?Id=12970"}]
2024-04-04 12:14:49 [                ProcessCredentials] -           START - []
2024-04-04 12:14:50 [                     BeforeInstall] -           DEBUG - []
2024-04-04 12:14:50 [                        START CALL] -                 - [/Applications/MAMP/htdocs/Components/Classes/PluginGateway.php]
2024-04-04 12:14:50 [                     Hash::IsValid] -        VALIDATE - [5d4c8b2bca2d9a888d2ad75d364789b8c75d7ea73037ce023ebe2d104635cad5f051f2c7593f2d1165966a682e6ee0a1ae75c384e043819ac2bf186fd3322dc9]
2024-04-04 12:14:50 [                        Hash::Hash] -            DATA - [https://fine-emus-bake.loca.lt/install|AyVsbYU0EG2iCOQ*uuX1ux2J^Y8CjWlO]
2024-04-04 12:14:50 [                        Hash::Hash] -        GENERATE - [5d4c8b2bca2d9a888d2ad75d364789b8c75d7ea73037ce023ebe2d104635cad5f051f2c7593f2d1165966a682e6ee0a1ae75c384e043819ac2bf186fd3322dc9]
2024-04-04 12:14:50 [                     Hash::IsValid] -           VALID - [OK]
2024-04-04 12:14:57 [                     BeforeInstall] -           DEBUG - [language=en&api_public=AyVsbYU0EG2iCOQ*uuX1ux2J%5EY8CjWlO&install_type=app_psp&ginger_api_key=e9a320bc591c41668c89e5ba59591c53&ginger_afterpay_test_api_key=&ginger_klarna_test_api_key=&ginger_afterpay_countries=NL%2C+BE&action=install]
